app/build/outputs/mapping/debug/mapping.txt
# compiler: R8
# compiler_version: 1.4.94
# min_api: 21
com.onewayit.veki.Adapters.CompletedRequestsListAdapter -> d.d.a.a.b:
    androidx.fragment.app.FragmentManager fragmentManager -> a
    android.content.Context mContext -> b
    java.util.ArrayList ItemArrayList -> d
    android.app.Activity activity -> c
    31:37:void <init>(android.app.Activity,java.util.ArrayList,androidx.fragment.app.FragmentManager) -> <init>
    41:41:int getCount() -> getCount
    46:46:java.lang.Object getItem(int) -> getItem
    51:51:long getItemId(int) -> getItemId
    56:114:android.view.View getView(int,android.view.View,android.view.ViewGroup) -> getView
com.onewayit.veki.Adapters.CompletedRequestsListAdapter$1 -> d.d.a.a.a:
    com.onewayit.veki.Adapters.CompletedRequestsListAdapter this$0 -> b
    int val$position -> a
    89:89:void <init>(com.onewayit.veki.Adapters.CompletedRequestsListAdapter,int) -> <init>
    92:112:void onClick(android.view.View) -> onClick
com.onewayit.veki.Adapters.CustomInfoWindowGoogleMap -> d.d.a.a.c:
    android.widget.TextView tv_hire -> a
    android.widget.ImageView profile_image -> g
    android.widget.TextView distance -> c
    android.widget.TextView name -> b
    android.widget.TextView mobile_number -> e
    java.util.ArrayList items -> i
    android.widget.TextView rating -> d
    android.widget.TextView tv_price -> f
    androidx.fragment.app.FragmentManager fragmentManager -> h
    android.content.Context context -> j
    30:34:void <init>(android.content.Context,androidx.fragment.app.FragmentManager,java.util.ArrayList) -> <init>
    43:64:android.view.View getInfoContents(com.google.android.gms.maps.model.Marker) -> a
    38:38:android.view.View getInfoWindow(com.google.android.gms.maps.model.Marker) -> b
com.onewayit.veki.Adapters.NotificationAdapter -> d.d.a.a.e:
    java.util.ArrayList notifications -> c
    android.content.Context context -> d
    29:32:void <init>(android.content.Context,java.util.ArrayList) -> <init>
    24:24:android.content.Context access$000(com.onewayit.veki.Adapters.NotificationAdapter) -> a
    44:61:void onBindViewHolder(com.onewayit.veki.Adapters.NotificationAdapter$ViewHolder,int) -> a
    24:24:java.util.ArrayList access$100(com.onewayit.veki.Adapters.NotificationAdapter) -> b
    24:24:void onBindViewHolder(androidx.recyclerview.widget.RecyclerView$ViewHolder,int) -> b
    24:24:androidx.recyclerview.widget.RecyclerView$ViewHolder onCreateViewHolder(android.view.ViewGroup,int) -> b
    36:38:com.onewayit.veki.Adapters.NotificationAdapter$ViewHolder onCreateViewHolder(android.view.ViewGroup,int) -> b
    65:65:int getItemCount() -> b
com.onewayit.veki.Adapters.NotificationAdapter$1 -> d.d.a.a.d:
    com.onewayit.veki.Adapters.NotificationAdapter this$0 -> b
    int val$i -> a
    51:51:void <init>(com.onewayit.veki.Adapters.NotificationAdapter,int) -> <init>
    54:59:void onClick(android.view.View) -> onClick
com.onewayit.veki.Adapters.NotificationAdapter$ViewHolder -> d.d.a.a.e$a:
    androidx.cardview.widget.CardView cardview1 -> w
    android.widget.ImageView img_android -> v
    android.widget.TextView time -> u
    android.widget.TextView tv_android -> t
    com.onewayit.veki.Adapters.NotificationAdapter this$0 -> x
    73:80:void <init>(com.onewayit.veki.Adapters.NotificationAdapter,android.view.View) -> <init>
com.onewayit.veki.Adapters.OngoingRequestListAdapter -> d.d.a.a.g:
    androidx.fragment.app.FragmentManager fragmentManager -> a
    android.content.Context mContext -> b
    java.util.ArrayList ItemArrayList -> d
    android.app.Activity activity -> c
    31:37:void <init>(android.app.Activity,java.util.ArrayList,androidx.fragment.app.FragmentManager) -> <init>
    41:41:int getCount() -> getCount
    46:46:java.lang.Object getItem(int) -> getItem
    51:51:long getItemId(int) -> getItemId
    56:108:android.view.View getView(int,android.view.View,android.view.ViewGroup) -> getView
...
com.google.android.gms.internal.measurement.zzjv -> com.google.android.gms.internal.measurement.Ad:
    com.google.android.gms.internal.measurement.zzcm zzark -> a
    com.google.android.gms.internal.measurement.zzcm zzapw -> b
    3:7:void <clinit>() -> <clinit>
    1:1:void <init>() -> <init>
    2:2:boolean zzyy() -> a
com.google.android.gms.internal.measurement.zzjw -> com.google.android.gms.internal.measurement.Bd:
    boolean zzyy() -> a
com.google.android.gms.internal.measurement.zzjx -> com.google.android.gms.internal.measurement.Cd:
    boolean zzyz() -> a
com.google.android.gms.internal.measurement.zzjy -> com.google.android.gms.internal.measurement.Dd:
    com.google.android.gms.internal.measurement.zzjy zzarl -> a
    com.google.android.gms.internal.measurement.zzdb zzapj -> b
    10:10:void <clinit>() -> <clinit>
    2:4:void <init>(com.google.android.gms.internal.measurement.zzdb) -> <init>
    5:6:void <init>() -> <init>
    1:1:boolean zzyz() -> a
    7:9:java.lang.Object get() -> get
com.google.android.gms.internal.measurement.zzjz -> com.google.android.gms.internal.measurement.Ed:
    com.google.android.gms.internal.measurement.zzjz zzarm -> a
    com.google.android.gms.internal.measurement.zzdb zzapj -> b
    12:12:void <clinit>() -> <clinit>
    4:6:void <init>(com.google.android.gms.internal.measurement.zzdb) -> <init>
    7:8:void <init>() -> <init>
    1:1:boolean zzza() -> a
    2:2:boolean zzzb() -> b
    3:3:boolean zzzc() -> c
    9:11:java.lang.Object get() -> get
com.google.android.gms.internal.measurement.zzk -> com.google.android.gms.internal.measurement.Fd:
com.google.android.gms.internal.measurement.zzka -> com.google.android.gms.internal.measurement.Gd:
    com.google.android.gms.internal.measurement.zzcm zzarn -> a
    3:6:void <clinit>() -> <clinit>
    1:1:void <init>() -> <init>
    2:2:boolean zzyz() -> a
com.google.android.gms.internal.measurement.zzkb -> com.google.android.gms.internal.measurement.Hd:
    com.google.android.gms.internal.measurement.zzcm zzaro -> a
    com.google.android.gms.internal.measurement.zzcm zzarq -> c
    com.google.android.gms.internal.measurement.zzcm zzarp -> b
    com.google.android.gms.internal.measurement.zzcm zzapw -> e
    com.google.android.gms.internal.measurement.zzcm zzarr -> d
    5:12:void <clinit>() -> <clinit>
    1:1:void <init>() -> <init>
    2:2:boolean zzza() -> a
    4:4:boolean zzzc() -> b
    3:3:boolean zzzb() -> c
com.google.android.gms.internal.measurement.zzkc -> com.google.android.gms.internal.measurement.Id:
    boolean zzza() -> a
    boolean zzzc() -> b
    boolean zzzb() -> c
com.google.android.gms.internal.measurement.zzkd -> com.google.android.gms.internal.measurement.Jd:
    boolean zzzd() -> a
com.google.android.gms.internal.measurement.zzke -> com.google.android.gms.internal.measurement.Kd:
    com.google.android.gms.internal.measurement.zzdb zzapj -> b
    com.google.android.gms.internal.measurement.zzke zzars -> a
    10:10:void <clinit>() -> <clinit>
    2:4:void <init>(com.google.android.gms.internal.measurement.zzdb) -> <init>
    5:6:void <init>() -> <init>
    1:1:boolean zzzd() -> a
    7:9:java.lang.Object get() -> get
com.google.android.gms.internal.measurement.zzkf -> com.google.android.gms.internal.measurement.Ld:
    com.google.android.gms.internal.measurement.zzdb zzapj -> b
    com.google.android.gms.internal.measurement.zzkf zzart -> a
    10:10:void <clinit>() -> <clinit>
    2:4:void <init>(com.google.android.gms.internal.measurement.zzdb) -> <init>
    5:6:void <init>() -> <init>
    1:1:boolean zzze() -> a
    7:9:java.lang.Object get() -> get
com.google.android.gms.internal.measurement.zzkg -> com.google.android.gms.internal.measurement.Md:
    com.google.android.gms.internal.measurement.zzcm zzaru -> a
    3:6:void <clinit>() -> <clinit>
    1:1:void <init>() -> <init>
    2:2:boolean zzzd() -> a